Setting target instruction set architecture to: Default (Advanced Vector Extension (AVX))
OpenCL Intel CPU device was found!
Device name: Intel(R) Core(TM) i7-3770K CPU @ 3.50GHz
Device version: OpenCL 2.1 (Build 18)
Device vendor: Intel(R) Corporation
Device profile: FULL_PROFILE
Compilation started
Compilation done
Linking started
Linking done
Device build started
Device build done
Kernel <PostRegex> was successfully vectorized (4)
Done.
PostRegex info:
	Maximum work-group size: 8192
	Compiler work-group size: (0, 0, 0)
	Local memory size: 0
	Preferred multiple of work-group size: 128
	Minimum amount of private memory: 0

Build succeeded!
